info it worked if it ends with ok
verbose cli [ 'node',
verbose cli   '/home/dominic/.nave/installed/0.6.17/bin/npm',
verbose cli   'install' ]
info using npm@1.1.21
info using node@v0.6.17
verbose config file /home/dominic/.npmrc
verbose config file /home/dominic/.nave/installed/0.6.17/etc/npmrc
verbose config file /home/dominic/.nave/installed/0.6.17/lib/node_modules/npm/npmrc
ERR! Couldn't read dependencies.
ERR! Error: ENOENT, open '/home/dominic/d/crdt/example/socket.io/package.json'
ERR! You may report this log at:
ERR!     <http://github.com/isaacs/npm/issues>
ERR! or email it to:
ERR!     <npm-@googlegroups.com>
ERR! 
ERR! System Linux 3.0.0-19-generic
ERR! command "node" "/home/dominic/.nave/installed/0.6.17/bin/npm" "install"
ERR! cwd /home/dominic/d/crdt/example/socket.io
ERR! node -v v0.6.17
ERR! npm -v 1.1.21
ERR! path /home/dominic/d/crdt/example/socket.io/package.json
ERR! code ENOENT
ERR! message ENOENT, open '/home/dominic/d/crdt/example/socket.io/package.json'
ERR! errno {}
verbose exit [ 1, true ]
